<?xml version="1.0" encoding="UTF-8"?>
<testng-results ignored="0" total="1" passed="1" failed="0" skipped="0">
  <reporter-output>
  </reporter-output>
  <suite started-at="2021-09-29T11:06:03 IST" name="Default suite" finished-at="2021-09-29T11:06:11 IST" duration-ms="7729">
    <groups>
    </groups>
    <test started-at="2021-09-29T11:06:03 IST" name="Default test" finished-at="2021-09-29T11:06:11 IST" duration-ms="7729">
      <class name="com.webappsecurity.zero.TestScripts.VerifyInvalidLoginTest">
        <test-method is-config="true" signature="openApplication()[pri:0, instance:com.webappsecurity.zero.TestScripts.VerifyInvalidLoginTest@101952da]" started-at="2021-09-29T11:06:03 IST" name="openApplication" finished-at="2021-09-29T11:06:10 IST" duration-ms="6361" status="PASS">
          <reporter-output>
          </reporter-output>
        </test-method> <!-- openApplication -->
        <test-method signature="verifyInvalidLogin()[pri:0, instance:com.webappsecurity.zero.TestScripts.VerifyInvalidLoginTest@101952da]" started-at="2021-09-29T11:06:10 IST" name="verifyInvalidLogin" finished-at="2021-09-29T11:06:11 IST" duration-ms="1218" status="PASS">
          <reporter-output>
          </reporter-output>
        </test-method> <!-- verifyInvalidLogin -->
        <test-method is-config="true" signature="closeApplication()[pri:0, instance:com.webappsecurity.zero.TestScripts.VerifyInvalidLoginTest@101952da]" started-at="2021-09-29T11:06:11 IST" name="closeApplication" finished-at="2021-09-29T11:06:11 IST" duration-ms="96" status="PASS">
          <reporter-output>
          </reporter-output>
        </test-method> <!-- closeApplication -->
      </class> <!-- com.webappsecurity.zero.TestScripts.VerifyInvalidLoginTest -->
    </test> <!-- Default test -->
  </suite> <!-- Default suite -->
</testng-results>
